Restore Archived Project report for soc_system
Wed May 16 08:30:29 2018
Quartus Prime Version 17.1.0 Build 590 10/25/2017 SJ Standard Edition


---------------------
; Table of Contents ;
---------------------
  1. Legal Notice
  2. Restore Archived Project Summary
  3. Restore Archived Project Messages
  4. Files Restored
  5. Files Not Restored



----------------
; Legal Notice ;
----------------
Copyright (C) 2017  Intel Corporation. All rights reserved.
Your use of Intel Corporation's design tools, logic functions 
and other software and tools, and its AMPP partner logic 
functions, and any output files from any of the foregoing 
(including device programming or simulation files), and any 
associated documentation or information are expressly subject 
to the terms and conditions of the Intel Program License 
Subscription Agreement, the Intel Quartus Prime License Agreement,
the Intel FPGA IP License Agreement, or other applicable license
agreement, including, without limitation, that your use is for
the sole purpose of programming logic devices manufactured by
Intel and sold by Intel or its authorized distributors.  Please
refer to the applicable agreement for further details.



+-------------------------------------------------------------------------+
; Restore Archived Project Summary                                        ;
+---------------------------------+---------------------------------------+
; Restore Archived Project Status ; Successful - Wed May 16 08:30:29 2018 ;
; Revision Name                   ; soc_system                            ;
; Top-level Entity Name           ; edge_detection_top                    ;
; Family                          ; MAX 10                                ;
+---------------------------------+---------------------------------------+


+-----------------------------------+
; Restore Archived Project Messages ;
+-----------------------------------+
Info: Successfully restored 'C:/Users/jonas/OneDrive/Uni/6_Semester/DSPC/Examproject/soc_system_edge_detect_de10lite.qar' into the 'C:/Users/jonas/OneDrive/Uni/6_Semester/DSPC/Examproject/soc_system_edge_detect_de10lite_restored/' directory
Info: Generated report 'soc_system.restore.rpt'
Info (23030): Evaluation of Tcl script c:/intelfpga/17.1/quartus/common/tcl/apps/qpm/qar.tcl was successful
Info: Quartus Prime Shell was successful. 0 errors, 0 warnings
    Info: Peak virtual memory: 4817 megabytes
    Info: Processing ended: Wed May 16 08:30:29 2018
    Info: Elapsed time: 00:00:03
    Info: Total CPU time (on all processors): 00:00:02


+-------------------------------------------------------------------------------------------------------------------+
; Files Restored                                                                                                    ;
+-------------------------------------------------------------------------------------------------------------------+
; File Name                                                                                                         ;
+-------------------------------------------------------------------------------------------------------------------+
; qar_info.json                                                                                                     ;
; EdgeDetection/ConvertSourceImage.m                                                                                ;
; EdgeDetection/ImageIn.txt                                                                                         ;
; EdgeDetection/ImageOut.txt                                                                                        ;
; EdgeDetection/LoadImgFromTextFile.m                                                                               ;
; EdgeDetection/README.txt                                                                                          ;
; EdgeDetection/SaveImgInTextFile.m                                                                                 ;
; EdgeDetection/ShowResultImage.m                                                                                   ;
; EdgeDetection/altera_up_avalon_video_edge_detection.vhd                                                           ;
; EdgeDetection/altera_up_edge_detection_data_shift_register.vhd                                                    ;
; EdgeDetection/altera_up_edge_detection_gaussian_smoothing_filter.vhd                                              ;
; EdgeDetection/altera_up_edge_detection_hysteresis.vhd                                                             ;
; EdgeDetection/altera_up_edge_detection_nonmaximum_suppression.vhd                                                 ;
; EdgeDetection/altera_up_edge_detection_pixel_info_shift_register.vhd                                              ;
; EdgeDetection/altera_up_edge_detection_sobel_operator.vhd                                                         ;
; EdgeDetection/blood1.tif                                                                                          ;
; EdgeDetection/edge_detection_file_tb.vhd                                                                          ;
; EdgeDetection/imageConvert.m                                                                                      ;
; EdgeDetection/io_utils.vhd                                                                                        ;
; edge_detection_no_clock.tcl                                                                                       ;
; edge_detection_no_clock_hw.tcl                                                                                    ;
; edge_detection_top.vhd                                                                                            ;
; sobel_edge_detector_hw.tcl                                                                                        ;
; sobel_edge_st_bus_signal_tap.stp                                                                                  ;
; soc_system.cdf                                                                                                    ;
; soc_system.qpf                                                                                                    ;
; soc_system.qsf                                                                                                    ;
; soc_system_assignment_defaults.qdf                                                                                ;
; soc_system_timing.sdc                                                                                             ;
; soc_video_system.qsys                                                                                             ;
; soc_video_system.sopcinfo                                                                                         ;
; soc_video_system.tcl                                                                                              ;
; soc_video_system/soc_video_system.cmp                                                                             ;
; soc_video_system/synthesis/soc_video_system.debuginfo                                                             ;
; soc_video_system/synthesis/soc_video_system.qip                                                                   ;
; soc_video_system/synthesis/soc_video_system.vhd                                                                   ;
; soc_video_system/synthesis/submodules/altera_avalon_packets_to_master.v                                           ;
; soc_video_system/synthesis/submodules/altera_avalon_sc_fifo.v                                                     ;
; soc_video_system/synthesis/submodules/altera_avalon_st_bytes_to_packets.v                                         ;
; soc_video_system/synthesis/submodules/altera_avalon_st_clock_crosser.v                                            ;
; soc_video_system/synthesis/submodules/altera_avalon_st_handshake_clock_crosser.sdc                                ;
; soc_video_system/synthesis/submodules/altera_avalon_st_handshake_clock_crosser.v                                  ;
; soc_video_system/synthesis/submodules/altera_avalon_st_idle_inserter.v                                            ;
; soc_video_system/synthesis/submodules/altera_avalon_st_idle_remover.v                                             ;
; soc_video_system/synthesis/submodules/altera_avalon_st_jtag_interface.sdc                                         ;
; soc_video_system/synthesis/submodules/altera_avalon_st_jtag_interface.v                                           ;
; soc_video_system/synthesis/submodules/altera_avalon_st_packets_to_bytes.v                                         ;
; soc_video_system/synthesis/submodules/altera_avalon_st_pipeline_base.v                                            ;
; soc_video_system/synthesis/submodules/altera_avalon_st_pipeline_stage.sv                                          ;
; soc_video_system/synthesis/submodules/altera_default_burst_converter.sv                                           ;
; soc_video_system/synthesis/submodules/altera_incr_burst_converter.sv                                              ;
; soc_video_system/synthesis/submodules/altera_jtag_dc_streaming.v                                                  ;
; soc_video_system/synthesis/submodules/altera_jtag_sld_node.v                                                      ;
; soc_video_system/synthesis/submodules/altera_jtag_streaming.v                                                     ;
; soc_video_system/synthesis/submodules/altera_merlin_address_alignment.sv                                          ;
; soc_video_system/synthesis/submodules/altera_merlin_arbitrator.sv                                                 ;
; soc_video_system/synthesis/submodules/altera_merlin_burst_adapter.sv                                              ;
; soc_video_system/synthesis/submodules/altera_merlin_burst_adapter_13_1.sv                                         ;
; soc_video_system/synthesis/submodules/altera_merlin_burst_adapter_new.sv                                          ;
; soc_video_system/synthesis/submodules/altera_merlin_burst_adapter_uncmpr.sv                                       ;
; soc_video_system/synthesis/submodules/altera_merlin_burst_uncompressor.sv                                         ;
; soc_video_system/synthesis/submodules/altera_merlin_master_agent.sv                                               ;
; soc_video_system/synthesis/submodules/altera_merlin_master_translator.sv                                          ;
; soc_video_system/synthesis/submodules/altera_merlin_reorder_memory.sv                                             ;
; soc_video_system/synthesis/submodules/altera_merlin_slave_agent.sv                                                ;
; soc_video_system/synthesis/submodules/altera_merlin_slave_translator.sv                                           ;
; soc_video_system/synthesis/submodules/altera_merlin_traffic_limiter.sv                                            ;
; soc_video_system/synthesis/submodules/altera_merlin_width_adapter.sv                                              ;
; soc_video_system/synthesis/submodules/altera_reset_controller.sdc                                                 ;
; soc_video_system/synthesis/submodules/altera_reset_controller.v                                                   ;
; soc_video_system/synthesis/submodules/altera_reset_synchronizer.v                                                 ;
; soc_video_system/synthesis/submodules/altera_std_synchronizer_nocut.v                                             ;
; soc_video_system/synthesis/submodules/altera_up_altpll.v                                                          ;
; soc_video_system/synthesis/submodules/altera_up_av_config_auto_init.v                                             ;
; soc_video_system/synthesis/submodules/altera_up_av_config_auto_init_d5m.v                                         ;
; soc_video_system/synthesis/submodules/altera_up_av_config_auto_init_dc2.v                                         ;
; soc_video_system/synthesis/submodules/altera_up_av_config_auto_init_lcm.v                                         ;
; soc_video_system/synthesis/submodules/altera_up_av_config_auto_init_ltm.v                                         ;
; soc_video_system/synthesis/submodules/altera_up_av_config_auto_init_ob_adv7180.v                                  ;
; soc_video_system/synthesis/submodules/altera_up_av_config_auto_init_ob_adv7181.v                                  ;
; soc_video_system/synthesis/submodules/altera_up_av_config_auto_init_ob_audio.v                                    ;
; soc_video_system/synthesis/submodules/altera_up_av_config_auto_init_ob_de10_standard.v                            ;
; soc_video_system/synthesis/submodules/altera_up_av_config_auto_init_ob_de1_soc.v                                  ;
; soc_video_system/synthesis/submodules/altera_up_av_config_auto_init_ob_de2_115.v                                  ;
; soc_video_system/synthesis/submodules/altera_up_av_config_auto_init_ob_de2i_150.v                                 ;
; soc_video_system/synthesis/submodules/altera_up_av_config_serial_bus_controller.v                                 ;
; soc_video_system/synthesis/submodules/altera_up_avalon_reset_from_locked_signal.v                                 ;
; soc_video_system/synthesis/submodules/altera_up_avalon_video_edge_detection.vhd                                   ;
; soc_video_system/synthesis/submodules/altera_up_avalon_video_vga_timing.v                                         ;
; soc_video_system/synthesis/submodules/altera_up_edge_detection_data_shift_register.vhd                            ;
; soc_video_system/synthesis/submodules/altera_up_edge_detection_gaussian_smoothing_filter.vhd                      ;
; soc_video_system/synthesis/submodules/altera_up_edge_detection_hysteresis.vhd                                     ;
; soc_video_system/synthesis/submodules/altera_up_edge_detection_nonmaximum_suppression.vhd                         ;
; soc_video_system/synthesis/submodules/altera_up_edge_detection_pixel_info_shift_register.vhd                      ;
; soc_video_system/synthesis/submodules/altera_up_edge_detection_sobel_operator.vhd                                 ;
; soc_video_system/synthesis/submodules/altera_up_slow_clock_generator.v                                            ;
; soc_video_system/synthesis/submodules/altera_up_video_camera_decoder.v                                            ;
; soc_video_system/synthesis/submodules/altera_up_video_clipper_add.v                                               ;
; soc_video_system/synthesis/submodules/altera_up_video_clipper_counters.v                                          ;
; soc_video_system/synthesis/submodules/altera_up_video_clipper_drop.v                                              ;
; soc_video_system/synthesis/submodules/altera_up_video_decoder_add_endofpacket.v                                   ;
; soc_video_system/synthesis/submodules/altera_up_video_dma_control_slave.v                                         ;
; soc_video_system/synthesis/submodules/altera_up_video_dma_to_memory.v                                             ;
; soc_video_system/synthesis/submodules/altera_up_video_dma_to_stream.v                                             ;
; soc_video_system/synthesis/submodules/altera_up_video_dual_clock_fifo.v                                           ;
; soc_video_system/synthesis/submodules/altera_up_video_itu_656_decoder.v                                           ;
; soc_video_system/synthesis/submodules/altera_up_video_scaler_multiply_height.v                                    ;
; soc_video_system/synthesis/submodules/altera_up_video_scaler_multiply_width.v                                     ;
; soc_video_system/synthesis/submodules/altera_up_video_scaler_shrink.v                                             ;
; soc_video_system/synthesis/submodules/altera_wrap_burst_converter.sv                                              ;
; soc_video_system/synthesis/submodules/soc_video_system_altpll_0.v                                                 ;
; soc_video_system/synthesis/submodules/soc_video_system_audio_and_video_config_0.v                                 ;
; soc_video_system/synthesis/submodules/soc_video_system_avalon_st_adapter.v                                        ;
; soc_video_system/synthesis/submodules/soc_video_system_avalon_st_adapter_channel_adapter_0.sv                     ;
; soc_video_system/synthesis/submodules/soc_video_system_fpga_only_master.v                                         ;
; soc_video_system/synthesis/submodules/soc_video_system_fpga_only_master_b2p_adapter.sv                            ;
; soc_video_system/synthesis/submodules/soc_video_system_fpga_only_master_p2b_adapter.sv                            ;
; soc_video_system/synthesis/submodules/soc_video_system_fpga_only_master_timing_adt.sv                             ;
; soc_video_system/synthesis/submodules/soc_video_system_mm_interconnect_0.v                                        ;
; soc_video_system/synthesis/submodules/soc_video_system_mm_interconnect_0_avalon_st_adapter.v                      ;
; soc_video_system/synthesis/submodules/soc_video_system_mm_interconnect_0_avalon_st_adapter_001.v                  ;
; soc_video_system/synthesis/submodules/soc_video_system_mm_interconnect_0_avalon_st_adapter_001_error_adapter_0.sv ;
; soc_video_system/synthesis/submodules/soc_video_system_mm_interconnect_0_avalon_st_adapter_005.v                  ;
; soc_video_system/synthesis/submodules/soc_video_system_mm_interconnect_0_avalon_st_adapter_005_error_adapter_0.sv ;
; soc_video_system/synthesis/submodules/soc_video_system_mm_interconnect_0_avalon_st_adapter_error_adapter_0.sv     ;
; soc_video_system/synthesis/submodules/soc_video_system_mm_interconnect_0_cmd_demux.sv                             ;
; soc_video_system/synthesis/submodules/soc_video_system_mm_interconnect_0_cmd_demux_002.sv                         ;
; soc_video_system/synthesis/submodules/soc_video_system_mm_interconnect_0_cmd_mux.sv                               ;
; soc_video_system/synthesis/submodules/soc_video_system_mm_interconnect_0_cmd_mux_001.sv                           ;
; soc_video_system/synthesis/submodules/soc_video_system_mm_interconnect_0_cmd_mux_005.sv                           ;
; soc_video_system/synthesis/submodules/soc_video_system_mm_interconnect_0_router.sv                                ;
; soc_video_system/synthesis/submodules/soc_video_system_mm_interconnect_0_router_002.sv                            ;
; soc_video_system/synthesis/submodules/soc_video_system_mm_interconnect_0_router_003.sv                            ;
; soc_video_system/synthesis/submodules/soc_video_system_mm_interconnect_0_router_004.sv                            ;
; soc_video_system/synthesis/submodules/soc_video_system_mm_interconnect_0_router_008.sv                            ;
; soc_video_system/synthesis/submodules/soc_video_system_mm_interconnect_0_rsp_demux.sv                             ;
; soc_video_system/synthesis/submodules/soc_video_system_mm_interconnect_0_rsp_demux_001.sv                         ;
; soc_video_system/synthesis/submodules/soc_video_system_mm_interconnect_0_rsp_demux_004.sv                         ;
; soc_video_system/synthesis/submodules/soc_video_system_mm_interconnect_0_rsp_demux_005.sv                         ;
; soc_video_system/synthesis/submodules/soc_video_system_mm_interconnect_0_rsp_mux.sv                               ;
; soc_video_system/synthesis/submodules/soc_video_system_mm_interconnect_0_rsp_mux_002.sv                           ;
; soc_video_system/synthesis/submodules/soc_video_system_pixel_buffer.v                                             ;
; soc_video_system/synthesis/submodules/soc_video_system_pixel_onchip_buffer.v                                      ;
; soc_video_system/synthesis/submodules/soc_video_system_video_bayer_resampler.v                                    ;
; soc_video_system/synthesis/submodules/soc_video_system_video_clipper.v                                            ;
; soc_video_system/synthesis/submodules/soc_video_system_video_decoder_0.v                                          ;
; soc_video_system/synthesis/submodules/soc_video_system_video_dma_controller.v                                     ;
; soc_video_system/synthesis/submodules/soc_video_system_video_dual_clock_buffer.v                                  ;
; soc_video_system/synthesis/submodules/soc_video_system_video_pixel_buffer_dma.v                                   ;
; soc_video_system/synthesis/submodules/soc_video_system_video_pixel_rgb_resampler_1.v                              ;
; soc_video_system/synthesis/submodules/soc_video_system_video_pll.v                                                ;
; soc_video_system/synthesis/submodules/soc_video_system_video_rgb_resampler.v                                      ;
; soc_video_system/synthesis/submodules/soc_video_system_video_scaler.v                                             ;
; soc_video_system/synthesis/submodules/soc_video_system_video_scaler_0.v                                           ;
; soc_video_system/synthesis/submodules/soc_video_system_video_stream_router_0.v                                    ;
; soc_video_system/synthesis/submodules/soc_video_system_video_stream_router_1.v                                    ;
; soc_video_system/synthesis/submodules/soc_video_system_video_vga_controller.v                                     ;
+-------------------------------------------------------------------------------------------------------------------+


+--------------------+
; Files Not Restored ;
+--------------------+
; File Name          ;
+--------------------+


