Flow report for soc_system
Wed May 16 08:57:54 2018
Quartus Prime Version 17.1.0 Build 590 10/25/2017 SJ Standard Edition


---------------------
; Table of Contents ;
---------------------
  1. Legal Notice
  2. Flow Summary
  3. Flow Settings
  4. Flow Non-Default Global Settings
  5. Flow Elapsed Time
  6. Flow OS Summary
  7. Flow Log
  8. Flow Messages
  9. Flow Suppressed Messages



----------------
; Legal Notice ;
----------------
Copyright (C) 2017  Intel Corporation. All rights reserved.
Your use of Intel Corporation's design tools, logic functions 
and other software and tools, and its AMPP partner logic 
functions, and any output files from any of the foregoing 
(including device programming or simulation files), and any 
associated documentation or information are expressly subject 
to the terms and conditions of the Intel Program License 
Subscription Agreement, the Intel Quartus Prime License Agreement,
the Intel FPGA IP License Agreement, or other applicable license
agreement, including, without limitation, that your use is for
the sole purpose of programming logic devices manufactured by
Intel and sold by Intel or its authorized distributors.  Please
refer to the applicable agreement for further details.



+--------------------------------------------------------------------------------------+
; Flow Summary                                                                         ;
+------------------------------------+-------------------------------------------------+
; Flow Status                        ; Successful - Wed May 16 08:57:43 2018           ;
; Quartus Prime Version              ; 17.1.0 Build 590 10/25/2017 SJ Standard Edition ;
; Revision Name                      ; soc_system                                      ;
; Top-level Entity Name              ; edge_detection_top                              ;
; Family                             ; MAX 10                                          ;
; Device                             ; 10M50DAF484C6GES                                ;
; Timing Models                      ; Preliminary                                     ;
; Total logic elements               ; 5,379 / 49,760 ( 11 % )                         ;
;     Total combinational functions  ; 4,892 / 49,760 ( 10 % )                         ;
;     Dedicated logic registers      ; 3,574 / 49,760 ( 7 % )                          ;
; Total registers                    ; 3643                                            ;
; Total pins                         ; 113 / 360 ( 31 % )                              ;
; Total virtual pins                 ; 0                                               ;
; Total memory bits                  ; 1,301,336 / 1,677,312 ( 78 % )                  ;
; Embedded Multiplier 9-bit elements ; 0 / 288 ( 0 % )                                 ;
; Total PLLs                         ; 2 / 4 ( 50 % )                                  ;
; UFM blocks                         ; 0 / 1 ( 0 % )                                   ;
; ADC blocks                         ; 0 / 2 ( 0 % )                                   ;
+------------------------------------+-------------------------------------------------+


+-----------------------------------------+
; Flow Settings                           ;
+-------------------+---------------------+
; Option            ; Setting             ;
+-------------------+---------------------+
; Start date & time ; 05/16/2018 08:55:34 ;
; Main task         ; Compilation         ;
; Revision Name     ; soc_system          ;
+-------------------+---------------------+


+-----------------------------------------------------------------------------------------------------------------------------------------------------------------------------------+
; Flow Non-Default Global Settings                                                                                                                                                  ;
+-------------------------------------+--------------------------------------------------------------------+--------------------------------------+--------------------+------------+
; Assignment Name                     ; Value                                                              ; Default Value                        ; Entity Name        ; Section Id ;
+-------------------------------------+--------------------------------------------------------------------+--------------------------------------+--------------------+------------+
; COMPILER_SIGNATURE_ID               ; 24062491136.152645373307052                                        ; --                                   ; --                 ; --         ;
; ECO_REGENERATE_REPORT               ; On                                                                 ; Off                                  ; --                 ; --         ;
; ENABLE_SIGNALTAP                    ; Off                                                                ; --                                   ; --                 ; --         ;
; MAX_CORE_JUNCTION_TEMP              ; 85                                                                 ; --                                   ; --                 ; --         ;
; MIN_CORE_JUNCTION_TEMP              ; 0                                                                  ; --                                   ; --                 ; --         ;
; MISC_FILE                           ; soc_video_system/synthesis/../soc_video_system.cmp                 ; --                                   ; --                 ; --         ;
; MISC_FILE                           ; soc_video_system/synthesis/../../soc_video_system.qsys             ; --                                   ; --                 ; --         ;
; PARTITION_COLOR                     ; -- (Not supported for targeted family)                             ; --                                   ; edge_detection_top ; Top        ;
; PARTITION_FITTER_PRESERVATION_LEVEL ; -- (Not supported for targeted family)                             ; --                                   ; edge_detection_top ; Top        ;
; PARTITION_NETLIST_TYPE              ; -- (Not supported for targeted family)                             ; --                                   ; edge_detection_top ; Top        ;
; POWER_BOARD_THERMAL_MODEL           ; None (CONSERVATIVE)                                                ; --                                   ; --                 ; --         ;
; POWER_PRESET_COOLING_SOLUTION       ; 23 MM HEAT SINK WITH 200 LFPM AIRFLOW                              ; --                                   ; --                 ; --         ;
; PROJECT_IP_REGENERATION_POLICY      ; ALWAYS_REGENERATE_IP                                               ; SKIP_REGENERATING_IP_IF_HDL_MODIFIED ; --                 ; --         ;
; SAVE_DISK_SPACE                     ; Off                                                                ; On                                   ; --                 ; --         ;
; SLD_FILE                            ; soc_video_system/synthesis/soc_video_system.debuginfo              ; --                                   ; --                 ; --         ;
; SLD_INFO                            ; QSYS_NAME soc_video_system HAS_SOPCINFO 1 GENERATION_ID 1524577568 ; --                                   ; soc_video_system   ; --         ;
; SOPCINFO_FILE                       ; soc_video_system/synthesis/../../soc_video_system.sopcinfo         ; --                                   ; --                 ; --         ;
; SYNTHESIS_ONLY_QIP                  ; On                                                                 ; --                                   ; --                 ; --         ;
; TOP_LEVEL_ENTITY                    ; edge_detection_top                                                 ; soc_system                           ; --                 ; --         ;
; USE_SIGNALTAP_FILE                  ; sobel_edge_st_bus_signal_tap.stp                                   ; --                                   ; --                 ; --         ;
+-------------------------------------+--------------------------------------------------------------------+--------------------------------------+--------------------+------------+


+-------------------------------------------------------------------------------------------------------------------------------+
; Flow Elapsed Time                                                                                                             ;
+---------------------------+--------------+-------------------------+---------------------+------------------------------------+
; Module Name               ; Elapsed Time ; Average Processors Used ; Peak Virtual Memory ; Total CPU Time (on all processors) ;
+---------------------------+--------------+-------------------------+---------------------+------------------------------------+
; Analysis & Synthesis      ; 00:01:03     ; 1.0                     ; 4983 MB             ; 00:01:30                           ;
; Fitter                    ; 00:00:52     ; 1.3                     ; 5830 MB             ; 00:01:30                           ;
; Assembler                 ; 00:00:05     ; 1.0                     ; 4730 MB             ; 00:00:04                           ;
; TimeQuest Timing Analyzer ; 00:00:10     ; 2.1                     ; 4908 MB             ; 00:00:15                           ;
; Total                     ; 00:02:10     ; --                      ; --                  ; 00:03:19                           ;
+---------------------------+--------------+-------------------------+---------------------+------------------------------------+


+------------------------------------------------------------------------------------------+
; Flow OS Summary                                                                          ;
+---------------------------+-------------------+------------+------------+----------------+
; Module Name               ; Machine Hostname  ; OS Name    ; OS Version ; Processor type ;
+---------------------------+-------------------+------------+------------+----------------+
; Analysis & Synthesis      ; Jonas-ASUS-X550XJ ; Windows 10 ; 10.0       ; x86_64         ;
; Fitter                    ; Jonas-ASUS-X550XJ ; Windows 10 ; 10.0       ; x86_64         ;
; Assembler                 ; Jonas-ASUS-X550XJ ; Windows 10 ; 10.0       ; x86_64         ;
; TimeQuest Timing Analyzer ; Jonas-ASUS-X550XJ ; Windows 10 ; 10.0       ; x86_64         ;
+---------------------------+-------------------+------------+------------+----------------+


------------
; Flow Log ;
------------
quartus_map --read_settings_files=on --write_settings_files=off soc_system -c soc_system
quartus_fit --read_settings_files=off --write_settings_files=off soc_system -c soc_system
quartus_asm --read_settings_files=off --write_settings_files=off soc_system -c soc_system
quartus_sta soc_system -c soc_system



